[0.217s] DEBUG:colcon:Command line arguments: ['/usr/bin/colcon', 'build', '--symlink-install', '--packages-select', 'test_pkg']
[0.217s] DEBUG:colcon:Parsed command line arguments: Namespace(allow_overriding=[], ament_cmake_args=None, base_paths=['.'], build_base='build', catkin_cmake_args=None, catkin_skip_building_tests=False, cmake_args=None, cmake_clean_cache=False, cmake_clean_first=False, cmake_force_configure=False, cmake_target=None, cmake_target_skip_unavailable=False, continue_on_error=False, event_handlers=None, executor='parallel', ignore_user_meta=False, install_base='install', log_base=None, log_level=None, main=<bound method BuildVerb.main of <colcon_core.verb.build.BuildVerb object at 0x7f5152774940>>, merge_install=False, metas=['./colcon.meta'], packages_above=None, packages_above_and_dependencies=None, packages_above_depth=None, packages_end=None, packages_ignore=None, packages_ignore_regex=None, packages_select=['test_pkg'], packages_select_build_failed=False, packages_select_by_dep=None, packages_select_regex=None, packages_select_test_failures=False, packages_skip=None, packages_skip_build_finished=False, packages_skip_by_dep=None, packages_skip_regex=None, packages_skip_test_passed=False, packages_skip_up_to=None, packages_start=None, packages_up_to=None, packages_up_to_regex=None, parallel_workers=8, paths=None, symlink_install=True, test_result_base=None, verb_extension=<colcon_core.verb.build.BuildVerb object at 0x7f5152774940>, verb_name='build', verb_parser=<colcon_defaults.argument_parser.defaults.DefaultArgumentsDecorator object at 0x7f5152774eb0>)
[0.239s] Level 1:colcon.colcon_core.package_discovery:discover_packages(colcon_meta) check parameters
[0.239s] Level 1:colcon.colcon_core.package_discovery:discover_packages(recursive) check parameters
[0.239s] Level 1:colcon.colcon_core.package_discovery:discover_packages(ignore) check parameters
[0.239s] Level 1:colcon.colcon_core.package_discovery:discover_packages(path) check parameters
[0.239s] Level 1:colcon.colcon_core.package_discovery:discover_packages(colcon_meta) discover
[0.239s] Level 1:colcon.colcon_core.package_discovery:discover_packages(recursive) discover
[0.239s] INFO:colcon.colcon_core.package_discovery:Crawling recursively for packages in '/home/sktd4/catkin_ws'
[0.239s] Level 1:colcon.colcon_core.package_identification:_identify(.) by extensions ['ignore', 'ignore_ament_install']
[0.239s] Level 1:colcon.colcon_core.package_identification:_identify(.) by extension 'ignore'
[0.239s] Level 1:colcon.colcon_core.package_identification:_identify(.) by extension 'ignore_ament_install'
[0.239s] Level 1:colcon.colcon_core.package_identification:_identify(.) by extensions ['colcon_pkg']
[0.239s] Level 1:colcon.colcon_core.package_identification:_identify(.) by extension 'colcon_pkg'
[0.239s] Level 1:colcon.colcon_core.package_identification:_identify(.) by extensions ['colcon_meta']
[0.239s] Level 1:colcon.colcon_core.package_identification:_identify(.) by extension 'colcon_meta'
[0.239s] Level 1:colcon.colcon_core.package_identification:_identify(.) by extensions ['ros']
[0.239s] Level 1:colcon.colcon_core.package_identification:_identify(.) by extension 'ros'
[0.246s] Level 1:colcon.colcon_core.package_identification:_identify(.) by extensions ['cmake', 'python']
[0.246s] Level 1:colcon.colcon_core.package_identification:_identify(.) by extension 'cmake'
[0.246s] Level 1:colcon.colcon_core.package_identification:_identify(.) by extension 'python'
[0.247s] Level 1:colcon.colcon_core.package_identification:_identify(.) by extensions ['python_setup_py']
[0.247s] Level 1:colcon.colcon_core.package_identification:_identify(.) by extension 'python_setup_py'
[0.247s] Level 1:colcon.colcon_core.package_identification:_identify(build) by extensions ['ignore', 'ignore_ament_install']
[0.247s] Level 1:colcon.colcon_core.package_identification:_identify(build) by extension 'ignore'
[0.247s] Level 1:colcon.colcon_core.package_identification:_identify(build) ignored
[0.247s] Level 1:colcon.colcon_core.package_identification:_identify(install) by extensions ['ignore', 'ignore_ament_install']
[0.247s] Level 1:colcon.colcon_core.package_identification:_identify(install) by extension 'ignore'
[0.247s] Level 1:colcon.colcon_core.package_identification:_identify(install) ignored
[0.247s] Level 1:colcon.colcon_core.package_identification:_identify(log) by extensions ['ignore', 'ignore_ament_install']
[0.247s] Level 1:colcon.colcon_core.package_identification:_identify(log) by extension 'ignore'
[0.247s] Level 1:colcon.colcon_core.package_identification:_identify(log) ignored
[0.247s] Level 1:colcon.colcon_core.package_identification:_identify(src) by extensions ['ignore', 'ignore_ament_install']
[0.247s] Level 1:colcon.colcon_core.package_identification:_identify(src) by extension 'ignore'
[0.247s] Level 1:colcon.colcon_core.package_identification:_identify(src) by extension 'ignore_ament_install'
[0.247s] Level 1:colcon.colcon_core.package_identification:_identify(src) by extensions ['colcon_pkg']
[0.247s] Level 1:colcon.colcon_core.package_identification:_identify(src) by extension 'colcon_pkg'
[0.247s] Level 1:colcon.colcon_core.package_identification:_identify(src) by extensions ['colcon_meta']
[0.247s] Level 1:colcon.colcon_core.package_identification:_identify(src) by extension 'colcon_meta'
[0.247s] Level 1:colcon.colcon_core.package_identification:_identify(src) by extensions ['ros']
[0.247s] Level 1:colcon.colcon_core.package_identification:_identify(src) by extension 'ros'
[0.247s] Level 1:colcon.colcon_core.package_identification:_identify(src) by extensions ['cmake', 'python']
[0.247s] Level 1:colcon.colcon_core.package_identification:_identify(src) by extension 'cmake'
[0.247s] Level 1:colcon.colcon_core.package_identification:_identify(src) by extension 'python'
[0.247s] Level 1:colcon.colcon_core.package_identification:_identify(src) by extensions ['python_setup_py']
[0.247s] Level 1:colcon.colcon_core.package_identification:_identify(src) by extension 'python_setup_py'
[0.247s] Level 1:colcon.colcon_core.package_identification:_identify(src/test_pkg) by extensions ['ignore', 'ignore_ament_install']
[0.247s] Level 1:colcon.colcon_core.package_identification:_identify(src/test_pkg) by extension 'ignore'
[0.247s] Level 1:colcon.colcon_core.package_identification:_identify(src/test_pkg) by extension 'ignore_ament_install'
[0.247s] Level 1:colcon.colcon_core.package_identification:_identify(src/test_pkg) by extensions ['colcon_pkg']
[0.248s] Level 1:colcon.colcon_core.package_identification:_identify(src/test_pkg) by extension 'colcon_pkg'
[0.248s] Level 1:colcon.colcon_core.package_identification:_identify(src/test_pkg) by extensions ['colcon_meta']
[0.248s] Level 1:colcon.colcon_core.package_identification:_identify(src/test_pkg) by extension 'colcon_meta'
[0.248s] Level 1:colcon.colcon_core.package_identification:_identify(src/test_pkg) by extensions ['ros']
[0.248s] Level 1:colcon.colcon_core.package_identification:_identify(src/test_pkg) by extension 'ros'
[0.249s] DEBUG:colcon.colcon_core.package_identification:Package 'src/test_pkg' with type 'ros.catkin' and name 'test_pkg'
[0.249s] Level 1:colcon.colcon_core.package_discovery:discover_packages(recursive) using defaults
[0.249s] Level 1:colcon.colcon_core.package_discovery:discover_packages(ignore) discover
[0.249s] Level 1:colcon.colcon_core.package_discovery:discover_packages(ignore) using defaults
[0.249s] Level 1:colcon.colcon_core.package_discovery:discover_packages(path) discover
[0.249s] Level 1:colcon.colcon_core.package_discovery:discover_packages(path) using defaults
[0.263s] Level 1:colcon.colcon_core.package_discovery:discover_packages(prefix_path) check parameters
[0.263s] Level 1:colcon.colcon_core.package_discovery:discover_packages(prefix_path) discover
[0.265s] Level 1:colcon.colcon_core.package_discovery:discover_packages(prefix_path) using defaults
[0.266s] Level 5:colcon.colcon_core.verb:set package 'test_pkg' build argument 'cmake_args' from command line to 'None'
[0.267s] Level 5:colcon.colcon_core.verb:set package 'test_pkg' build argument 'cmake_target' from command line to 'None'
[0.267s] Level 5:colcon.colcon_core.verb:set package 'test_pkg' build argument 'cmake_target_skip_unavailable' from command line to 'False'
[0.267s] Level 5:colcon.colcon_core.verb:set package 'test_pkg' build argument 'cmake_clean_cache' from command line to 'False'
[0.267s] Level 5:colcon.colcon_core.verb:set package 'test_pkg' build argument 'cmake_clean_first' from command line to 'False'
[0.267s] Level 5:colcon.colcon_core.verb:set package 'test_pkg' build argument 'cmake_force_configure' from command line to 'False'
[0.267s] Level 5:colcon.colcon_core.verb:set package 'test_pkg' build argument 'ament_cmake_args' from command line to 'None'
[0.267s] Level 5:colcon.colcon_core.verb:set package 'test_pkg' build argument 'catkin_cmake_args' from command line to 'None'
[0.267s] Level 5:colcon.colcon_core.verb:set package 'test_pkg' build argument 'catkin_skip_building_tests' from command line to 'False'
[0.267s] DEBUG:colcon.colcon_core.verb:Building package 'test_pkg' with the following arguments: {'ament_cmake_args': None, 'build_base': '/home/sktd4/catkin_ws/build/test_pkg', 'catkin_cmake_args': None, 'catkin_skip_building_tests': False, 'cmake_args': None, 'cmake_clean_cache': False, 'cmake_clean_first': False, 'cmake_force_configure': False, 'cmake_target': None, 'cmake_target_skip_unavailable': False, 'install_base': '/home/sktd4/catkin_ws/install/test_pkg', 'merge_install': False, 'path': '/home/sktd4/catkin_ws/src/test_pkg', 'symlink_install': True, 'test_result_base': None}
[0.267s] INFO:colcon.colcon_core.executor:Executing jobs using 'parallel' executor
[0.271s] DEBUG:colcon.colcon_parallel_executor.executor.parallel:run_until_complete
[0.271s] INFO:colcon.colcon_ros.task.catkin.build:Building ROS package in '/home/sktd4/catkin_ws/src/test_pkg' with build type 'catkin'
[0.271s] INFO:colcon.colcon_cmake.task.cmake.build:Building CMake package in '/home/sktd4/catkin_ws/src/test_pkg'
[0.275s] INFO:colcon.colcon_core.plugin_system:Skipping extension 'colcon_core.shell.bat': Not used on non-Windows systems
[0.275s] INFO:colcon.colcon_core.shell:Skip shell extension 'powershell' for command environment: Not usable outside of PowerShell
[0.275s] DEBUG:colcon.colcon_core.shell:Skip shell extension 'dsv' for command environment
[0.277s] DEBUG:colcon.colcon_core.shell:Ignoring prefix path '/opt/ros/noetic'
[0.284s] DEBUG:colcon.colcon_core.event_handler.log_command:Invoking command in '/home/sktd4/catkin_ws/build/test_pkg': /usr/bin/cmake --build /home/sktd4/catkin_ws/build/test_pkg -- -j8 -l8
[0.776s] DEBUG:colcon.colcon_core.event_handler.log_command:Invoked command in '/home/sktd4/catkin_ws/build/test_pkg' returned '0': /usr/bin/cmake --build /home/sktd4/catkin_ws/build/test_pkg -- -j8 -l8
[0.798s] DEBUG:colcon.colcon_core.event_handler.log_command:Invoking command in '/home/sktd4/catkin_ws/build/test_pkg': /usr/bin/cmake --build /home/sktd4/catkin_ws/build/test_pkg --target tests -- -j8 -l8
[0.844s] DEBUG:colcon.colcon_core.event_handler.log_command:Invoked command in '/home/sktd4/catkin_ws/build/test_pkg' returned '0': /usr/bin/cmake --build /home/sktd4/catkin_ws/build/test_pkg --target tests -- -j8 -l8
[0.867s] DEBUG:colcon.colcon_core.event_handler.log_command:Invoking command in '/home/sktd4/catkin_ws/build/test_pkg': /usr/bin/cmake --install /home/sktd4/catkin_ws/build/test_pkg
[0.882s] DEBUG:colcon.colcon_core.event_handler.log_command:Invoked command in '/home/sktd4/catkin_ws/build/test_pkg' returned '0': /usr/bin/cmake --install /home/sktd4/catkin_ws/build/test_pkg
[0.900s] Level 1:colcon.colcon_core.shell:create_environment_hook('test_pkg', 'ros_package_path')
[0.902s] INFO:colcon.colcon_core.shell:Creating environment hook '/home/sktd4/catkin_ws/install/test_pkg/share/test_pkg/hook/ros_package_path.ps1'
[0.903s] INFO:colcon.colcon_core.shell:Creating environment descriptor '/home/sktd4/catkin_ws/install/test_pkg/share/test_pkg/hook/ros_package_path.dsv'
[0.903s] INFO:colcon.colcon_core.shell:Creating environment hook '/home/sktd4/catkin_ws/install/test_pkg/share/test_pkg/hook/ros_package_path.sh'
[0.904s] Level 1:colcon.colcon_ros.task.catkin:checking '/home/sktd4/catkin_ws/install/test_pkg/lib/python3/dist-packages'
[0.904s] Level 1:colcon.colcon_core.shell:create_environment_hook('test_pkg', 'pkg_config_path')
[0.906s] INFO:colcon.colcon_core.shell:Creating environment hook '/home/sktd4/catkin_ws/install/test_pkg/share/test_pkg/hook/pkg_config_path.ps1'
[0.906s] INFO:colcon.colcon_core.shell:Creating environment descriptor '/home/sktd4/catkin_ws/install/test_pkg/share/test_pkg/hook/pkg_config_path.dsv'
[0.906s] INFO:colcon.colcon_core.shell:Creating environment hook '/home/sktd4/catkin_ws/install/test_pkg/share/test_pkg/hook/pkg_config_path.sh'
[0.908s] Level 1:colcon.colcon_core.shell:create_environment_hook('test_pkg', 'pkg_config_path_multiarch')
[0.910s] INFO:colcon.colcon_core.shell:Creating environment hook '/home/sktd4/catkin_ws/install/test_pkg/share/test_pkg/hook/pkg_config_path_multiarch.ps1'
[0.910s] INFO:colcon.colcon_core.shell:Creating environment descriptor '/home/sktd4/catkin_ws/install/test_pkg/share/test_pkg/hook/pkg_config_path_multiarch.dsv'
[0.910s] INFO:colcon.colcon_core.shell:Creating environment hook '/home/sktd4/catkin_ws/install/test_pkg/share/test_pkg/hook/pkg_config_path_multiarch.sh'
[0.913s] Level 1:colcon.colcon_core.environment:create_environment_scripts_only(test_pkg)
[0.917s] Level 1:colcon.colcon_core.environment:checking '/home/sktd4/catkin_ws/install/test_pkg' for CMake module files
[0.917s] Level 1:colcon.colcon_core.environment:checking '/home/sktd4/catkin_ws/install/test_pkg' for CMake config files
[0.917s] Level 1:colcon.colcon_core.shell:create_environment_hook('test_pkg', 'cmake_prefix_path')
[0.919s] INFO:colcon.colcon_core.shell:Creating environment hook '/home/sktd4/catkin_ws/install/test_pkg/share/test_pkg/hook/cmake_prefix_path.ps1'
[0.919s] INFO:colcon.colcon_core.shell:Creating environment descriptor '/home/sktd4/catkin_ws/install/test_pkg/share/test_pkg/hook/cmake_prefix_path.dsv'
[0.919s] INFO:colcon.colcon_core.shell:Creating environment hook '/home/sktd4/catkin_ws/install/test_pkg/share/test_pkg/hook/cmake_prefix_path.sh'
[0.919s] Level 1:colcon.colcon_core.environment:checking '/home/sktd4/catkin_ws/install/test_pkg/lib'
[0.919s] Level 1:colcon.colcon_core.environment:checking '/home/sktd4/catkin_ws/install/test_pkg/bin'
[0.919s] Level 1:colcon.colcon_core.environment:checking '/home/sktd4/catkin_ws/install/test_pkg/lib/pkgconfig/test_pkg.pc'
[0.920s] Level 1:colcon.colcon_core.shell:create_environment_hook('test_pkg', 'pkg_config')
[0.921s] INFO:colcon.colcon_core.shell:Creating environment hook '/home/sktd4/catkin_ws/install/test_pkg/share/test_pkg/hook/pkg_config.ps1'
[0.921s] INFO:colcon.colcon_core.shell:Creating environment descriptor '/home/sktd4/catkin_ws/install/test_pkg/share/test_pkg/hook/pkg_config.dsv'
[0.922s] INFO:colcon.colcon_core.shell:Creating environment hook '/home/sktd4/catkin_ws/install/test_pkg/share/test_pkg/hook/pkg_config.sh'
[0.922s] Level 1:colcon.colcon_core.environment:checking '/home/sktd4/catkin_ws/install/test_pkg/lib/python3.8/site-packages'
[0.922s] Level 1:colcon.colcon_core.environment:checking '/home/sktd4/catkin_ws/install/test_pkg/bin'
[0.924s] INFO:colcon.colcon_core.shell:Creating package script '/home/sktd4/catkin_ws/install/test_pkg/share/test_pkg/package.ps1'
[0.925s] INFO:colcon.colcon_core.shell:Creating package descriptor '/home/sktd4/catkin_ws/install/test_pkg/share/test_pkg/package.dsv'
[0.925s] INFO:colcon.colcon_core.shell:Creating package script '/home/sktd4/catkin_ws/install/test_pkg/share/test_pkg/package.sh'
[0.926s] INFO:colcon.colcon_core.shell:Creating package script '/home/sktd4/catkin_ws/install/test_pkg/share/test_pkg/package.bash'
[0.926s] INFO:colcon.colcon_core.shell:Creating package script '/home/sktd4/catkin_ws/install/test_pkg/share/test_pkg/package.zsh'
[0.926s] Level 1:colcon.colcon_core.environment:create_file_with_runtime_dependencies(/home/sktd4/catkin_ws/install/test_pkg/share/colcon-core/packages/test_pkg)
[0.927s] DEBUG:colcon.colcon_parallel_executor.executor.parallel:closing loop
[0.927s] DEBUG:colcon.colcon_parallel_executor.executor.parallel:loop closed
[0.927s] DEBUG:colcon.colcon_parallel_executor.executor.parallel:run_until_complete finished with '0'
[0.927s] DEBUG:colcon.colcon_core.event_reactor:joining thread
[0.931s] INFO:colcon.colcon_core.plugin_system:Skipping extension 'colcon_notification.desktop_notification.terminal_notifier': Not used on non-Darwin systems
[0.931s] INFO:colcon.colcon_core.plugin_system:Skipping extension 'colcon_notification.desktop_notification.win32': Not used on non-Windows systems
[0.931s] INFO:colcon.colcon_notification.desktop_notification:Sending desktop notification using 'notify2'
[0.948s] DEBUG:colcon.colcon_core.event_reactor:joined thread
[0.955s] INFO:colcon.colcon_core.shell:Creating prefix script '/home/sktd4/catkin_ws/install/local_setup.ps1'
[0.957s] INFO:colcon.colcon_core.shell:Creating prefix util module '/home/sktd4/catkin_ws/install/_local_setup_util_ps1.py'
[0.959s] INFO:colcon.colcon_core.shell:Creating prefix chain script '/home/sktd4/catkin_ws/install/setup.ps1'
[0.960s] INFO:colcon.colcon_core.shell:Creating prefix script '/home/sktd4/catkin_ws/install/local_setup.sh'
[0.961s] INFO:colcon.colcon_core.shell:Creating prefix util module '/home/sktd4/catkin_ws/install/_local_setup_util_sh.py'
[0.961s] INFO:colcon.colcon_core.shell:Creating prefix chain script '/home/sktd4/catkin_ws/install/setup.sh'
[0.962s] INFO:colcon.colcon_core.shell:Creating prefix script '/home/sktd4/catkin_ws/install/local_setup.bash'
[0.963s] INFO:colcon.colcon_core.shell:Creating prefix chain script '/home/sktd4/catkin_ws/install/setup.bash'
[0.965s] INFO:colcon.colcon_core.shell:Creating prefix script '/home/sktd4/catkin_ws/install/local_setup.zsh'
[0.965s] INFO:colcon.colcon_core.shell:Creating prefix chain script '/home/sktd4/catkin_ws/install/setup.zsh'
